<?xml version="1.0" encoding="UTF-8"?>
<!-- Generated by org.testng.reporters.JUnitXMLReporter -->
<testsuite ignored="0" hostname="BBLDVSEEMAJ" failures="0" tests="4" name="Default test" time="3.301" errors="0" timestamp="2020-09-28T16:30:45 IST">
  <testcase classname="LocationsTest" name="testCities" time="2.473"/>
  <testcase classname="LocationsTest" name="testGeocode" time="0.235"/>
  <testcase classname="LocationsTest" name="testLocationdetails" time="0.384"/>
  <testcase classname="LocationsTest" name="testLocations" time="0.164"/>
</testsuite> <!-- Default test -->
