<?xml version="1.0" encoding="UTF-8"?>
<testng-results ignored="0" total="4" passed="4" failed="0" skipped="0">
  <reporter-output>
  </reporter-output>
  <suite started-at="2020-09-28T16:30:41 IST" name="Default suite" finished-at="2020-09-28T16:30:45 IST" duration-ms="3301">
    <groups>
    </groups>
    <test started-at="2020-09-28T16:30:41 IST" name="Default test" finished-at="2020-09-28T16:30:45 IST" duration-ms="3301">
      <class name="LocationsTest">
        <test-method signature="testCities()[pri:0, instance:LocationsTest@5ab956d7]" started-at="2020-09-28T16:30:41 IST" name="testCities" finished-at="2020-09-28T16:30:44 IST" duration-ms="2473" status="PASS">
          <reporter-output>
          </reporter-output>
        </test-method> <!-- testCities -->
        <test-method signature="testGeocode()[pri:0, instance:LocationsTest@5ab956d7]" started-at="2020-09-28T16:30:44 IST" name="testGeocode" finished-at="2020-09-28T16:30:44 IST" duration-ms="235" status="PASS">
          <reporter-output>
          </reporter-output>
        </test-method> <!-- testGeocode -->
        <test-method signature="testLocationdetails()[pri:0, instance:LocationsTest@5ab956d7]" started-at="2020-09-28T16:30:44 IST" name="testLocationdetails" finished-at="2020-09-28T16:30:44 IST" duration-ms="384" status="PASS">
          <reporter-output>
          </reporter-output>
        </test-method> <!-- testLocationdetails -->
        <test-method signature="testLocations()[pri:0, instance:LocationsTest@5ab956d7]" started-at="2020-09-28T16:30:44 IST" name="testLocations" finished-at="2020-09-28T16:30:45 IST" duration-ms="164" status="PASS">
          <reporter-output>
          </reporter-output>
        </test-method> <!-- testLocations -->
      </class> <!-- LocationsTest -->
    </test> <!-- Default test -->
  </suite> <!-- Default suite -->
</testng-results>
